#
# A fatal error has been detected by the Java Runtime Environment:
#
#  EXCEPTION_ACCESS_VIOLATION (0xc0000005) at pc=0x0000000003020b78, pid=11696, tid=0x0000000000004204
#
# JRE version: Java(TM) SE Runtime Environment (8.0_131-b11) (build 1.8.0_131-b11)
# Java VM: Java HotSpot(TM) 64-Bit Server VM (25.131-b11 mixed mode windows-amd64 compressed oops)
# Problematic frame:
# J 1390  java.lang.Object.wait(J)V (0 bytes) @ 0x0000000003020b78 [0x0000000003020ac0+0xb8]
#
# Failed to write core dump. Minidumps are not enabled by default on client versions of Windows
#
# If you would like to submit a bug report, please visit:
#   http://bugreport.java.com/bugreport/crash.jsp
# The crash happened outside the Java Virtual Machine in native code.
# See problematic frame for where to report the bug.
#

---------------  T H R E A D  ---------------

Current thread (0x000000001d984800):  JavaThread "Nop Timer" daemon [_thread_in_native, id=16900, stack(0x000000002aee0000,0x000000002afe0000)]

siginfo: ExceptionCode=0xc0000005, writing address 0x00000000000002b1

Registers:
RAX=0x0000000000000000, RBX=0x000000001b8009e0, RCX=0x0000000000000480, RDX=0x0000000000000005
RSP=0x000000002afdf2d0, RBP=0x000000002afdf330, RSI=0x0000000000000108, RDI=0x0000000000000c72
R8 =0x0000000000000000, R9 =0x000000001dc71400, R10=0x0000000000000000, R11=0x0000000000000003
R12=0x0000000000000000, R13=0x000000002afdf348, R14=0x0000000000000000, R15=0x0000000000000041
RIP=0x0000000003020b78, EFLAGS=0x0000000000010206

Top of Stack: (sp=0x000000002afdf2d0)
0x000000002afdf2d0:   000000001b8009e0 000000002afdf330
0x000000002afdf2e0:   0000000000000108 000000001e780000
0x000000002afdf2f0:   000000076d201f18 000000000322f324
0x000000002afdf300:   000000002afdf6a8 000000001d984800
0x000000002afdf310:   00000000000002ac 00007ffddbb50000
0x000000002afdf320:   000000076d2023c8 000000076d268760
0x000000002afdf330:   000000002afdf3c0 0000000002b7835d
0x000000002afdf340:   0000000002b7835d 0000000000000063
0x000000002afdf350:   0000000000000000 000000076d201f18
0x000000002afdf360:   0000000000000001 0000000000000000
0x000000002afdf370:   0000000000000001 000000076d201f18
0x000000002afdf380:   000000002afdf360 0000000026ac11c9
0x000000002afdf390:   000000002afdf420 0000000026ac1298
0x000000002afdf3a0:   0000000000000000 0000000026ac1240
0x000000002afdf3b0:   000000002afdf348 000000002afdf420
0x000000002afdf3c0:   000000002afdf468 0000000002b7835d 

Instructions: (pc=0x0000000003020b78)
0x0000000003020b58:   83 c4 20 41 58 5a 49 8d 8f f8 01 00 00 41 c7 87
0x0000000003020b68:   70 02 00 00 04 00 00 00 e8 85 fd 89 62 c5 f8 77
0x0000000003020b78:   41 c7 87 70 02 00 00 05 00 00 00 41 8b cf c1 e9
0x0000000003020b88:   04 81 e1 fc 0f 00 00 49 ba 00 00 93 00 00 00 00 


Register to memory mapping:

RAX=0x0000000000000000 is an unknown value
RBX={method} {0x000000001b8009e8} 'wait' '(J)V' in 'java/lang/Object'
RCX=0x0000000000000480 is an unknown value
RDX=0x0000000000000005 is an unknown value
RSP=0x000000002afdf2d0 is pointing into the stack for thread: 0x000000001d984800
RBP=0x000000002afdf330 is pointing into the stack for thread: 0x000000001d984800
RSI=0x0000000000000108 is an unknown value
RDI=0x0000000000000c72 is an unknown value
R8 =0x0000000000000000 is an unknown value
R9 =0x000000001dc71400 is an unknown value
R10=0x0000000000000000 is an unknown value
R11=0x0000000000000003 is an unknown value
R12=0x0000000000000000 is an unknown value
R13=0x000000002afdf348 is pointing into the stack for thread: 0x000000001d984800
R14=0x0000000000000000 is an unknown value
R15=0x0000000000000041 is an unknown value


Stack: [0x000000002aee0000,0x000000002afe0000],  sp=0x000000002afdf2d0,  free space=1020k
Native frames: (J=compiled Java code, j=interpreted, Vv=VM code, C=native code)
C  0x0000000003020b78

Java frames: (J=compiled Java code, j=interpreted, Vv=VM code)
J 1390  java.lang.Object.wait(J)V (0 bytes) @ 0x0000000003020afb [0x0000000003020ac0+0x3b]
j  java.util.TimerThread.mainLoop()V+201
j  java.util.TimerThread.run()V+1
v  ~StubRoutines::call_stub

---------------  P R O C E S S  ---------------

Java Threads: ( => current thread )
=>0x000000001d984800 JavaThread "Nop Timer" daemon [_thread_in_native, id=16900, stack(0x000000002aee0000,0x000000002afe0000)]
  0x0000000027c7e000 JavaThread "TimerQueue" daemon [_thread_blocked, id=2536, stack(0x00000000284f0000,0x00000000285f0000)]
  0x00000000230c6800 JavaThread "D3D Screen Updater" daemon [_thread_blocked, id=6196, stack(0x00000000271d0000,0x00000000272d0000)]
  0x00000000026cd800 JavaThread "DestroyJavaVM" [_thread_blocked, id=15896, stack(0x00000000025b0000,0x00000000026b0000)]
  0x0000000023321000 JavaThread "Thread-1" daemon [_thread_blocked, id=16540, stack(0x00000000268b0000,0x00000000269b0000)]
  0x000000001dc89800 JavaThread "AWT-EventQueue-0" [_thread_blocked, id=12548, stack(0x00000000266b0000,0x00000000267b0000)]
  0x000000001dc80000 JavaThread "AWT-Windows" daemon [_thread_in_native, id=1040, stack(0x000000001e430000,0x000000001e530000)]
  0x000000001dc73000 JavaThread "AWT-Shutdown" [_thread_blocked, id=16308, stack(0x000000001e330000,0x000000001e430000)]
  0x000000001dc70000 JavaThread "Java2D Disposer" daemon [_thread_blocked, id=1700, stack(0x000000001e170000,0x000000001e270000)]
  0x000000001d8f1800 JavaThread "Service Thread" daemon [_thread_blocked, id=14160, stack(0x000000001de90000,0x000000001df90000)]
  0x000000001d8ea800 JavaThread "C1 CompilerThread2" daemon [_thread_blocked, id=13536, stack(0x000000001dd90000,0x000000001de90000)]
  0x000000001d8e7800 JavaThread "C2 CompilerThread1" daemon [_thread_blocked, id=5744, stack(0x000000001dc90000,0x000000001dd90000)]
  0x000000001c1fb000 JavaThread "C2 CompilerThread0" daemon [_thread_blocked, id=16800, stack(0x000000001d790000,0x000000001d890000)]
  0x000000001c1f9000 JavaThread "Attach Listener" daemon [_thread_blocked, id=12236, stack(0x000000001d690000,0x000000001d790000)]
  0x000000001c1f8800 JavaThread "Signal Dispatcher" daemon [_thread_blocked, id=12232, stack(0x000000001d590000,0x000000001d690000)]
  0x000000001c18a800 JavaThread "Finalizer" daemon [_thread_blocked, id=4824, stack(0x000000001d410000,0x000000001d510000)]
  0x000000001c169000 JavaThread "Reference Handler" daemon [_thread_blocked, id=4516, stack(0x000000001d310000,0x000000001d410000)]

Other Threads:
  0x000000001c167000 VMThread [stack: 0x000000001d210000,0x000000001d310000] [id=14104]
  0x000000001d944000 WatcherThread [stack: 0x000000001df90000,0x000000001e090000] [id=1044]

VM state:not at safepoint (normal execution)

VM Mutex/Monitor currently owned by a thread: None

Heap:
 PSYoungGen      total 76288K, used 40869K [0x000000076b000000, 0x0000000770500000, 0x00000007c0000000)
  eden space 65536K, 54% used [0x000000076b000000,0x000000076d2a9ff0,0x000000076f000000)
  from space 10752K, 49% used [0x000000076f000000,0x000000076f53f808,0x000000076fa80000)
  to   space 10752K, 0% used [0x000000076fa80000,0x000000076fa80000,0x0000000770500000)
 ParOldGen       total 175104K, used 31K [0x00000006c1000000, 0x00000006cbb00000, 0x000000076b000000)
  object space 175104K, 0% used [0x00000006c1000000,0x00000006c1007c60,0x00000006cbb00000)
 Metaspace       used 14924K, capacity 15172K, committed 15488K, reserved 1062912K
  class space    used 1830K, capacity 1912K, committed 1920K, reserved 1048576K

Card table byte_map: [0x0000000011f30000,0x0000000012730000] byte_map_base: 0x000000000e928000

Marking Bits: (ParMarkBitMap*) 0x000000006570c720
 Begin Bits: [0x0000000013080000, 0x0000000017040000)
 End Bits:   [0x0000000017040000, 0x000000001b000000)

Polling page: 0x0000000000920000

CodeCache: size=245760Kb used=8832Kb max_used=9061Kb free=236927Kb
 bounds [0x0000000002b70000, 0x0000000003480000, 0x0000000011b70000]
 total_blobs=2765 nmethods=2223 adapters=453
 compilation: enabled

Compilation events (10 events):
Event: 98.404 Thread 0x000000001d8e7800 2544       4       java.awt.Component::getCursor_NoClientCode (30 bytes)
Event: 98.405 Thread 0x000000001d8e7800 nmethod 2544 0x0000000002f43e90 code [0x0000000002f43fe0, 0x0000000002f440a8]
Event: 98.440 Thread 0x000000001c1fb000 2545       4       java.awt.Container::getChildAt (54 bytes)
Event: 98.451 Thread 0x000000001c1fb000 nmethod 2545 0x0000000002f1c6d0 code [0x0000000002f1c880, 0x0000000002f1d428]
Event: 98.584 Thread 0x000000001d8e7800 2546       4       sun.java2d.d3d.D3DSurfaceData::getBounds (52 bytes)
Event: 98.585 Thread 0x000000001d8e7800 nmethod 2546 0x0000000002ff3f10 code [0x0000000002ff4060, 0x0000000002ff4218]
Event: 100.842 Thread 0x000000001c1fb000 2547       4       com.codeminders.hidapi.HIDDeviceInfo::<init> (5 bytes)
Event: 100.843 Thread 0x000000001c1fb000 nmethod 2547 0x0000000002f24750 code [0x0000000002f24880, 0x0000000002f248d8]
Event: 105.932 Thread 0x000000001d8e7800 2548       4       java.awt.EventQueue::getNextEventPrivate (76 bytes)
Event: 105.935 Thread 0x000000001d8e7800 nmethod 2548 0x0000000002ca8410 code [0x0000000002ca8560, 0x0000000002ca8798]

GC Heap History (2 events):
Event: 23.701 GC heap before
{Heap before GC invocations=1 (full 0):
 PSYoungGen      total 76288K, used 65536K [0x000000076b000000, 0x0000000770500000, 0x00000007c0000000)
  eden space 65536K, 100% used [0x000000076b000000,0x000000076f000000,0x000000076f000000)
  from space 10752K, 0% used [0x000000076fa80000,0x000000076fa80000,0x0000000770500000)
  to   space 10752K, 0% used [0x000000076f000000,0x000000076f000000,0x000000076fa80000)
 ParOldGen       total 175104K, used 0K [0x00000006c1000000, 0x00000006cbb00000, 0x000000076b000000)
  object space 175104K, 0% used [0x00000006c1000000,0x00000006c1000000,0x00000006cbb00000)
 Metaspace       used 14031K, capacity 14258K, committed 14336K, reserved 1062912K
  class space    used 1699K, capacity 1779K, committed 1792K, reserved 1048576K
Event: 23.708 GC heap after
Heap after GC invocations=1 (full 0):
 PSYoungGen      total 76288K, used 5374K [0x000000076b000000, 0x0000000770500000, 0x00000007c0000000)
  eden space 65536K, 0% used [0x000000076b000000,0x000000076b000000,0x000000076f000000)
  from space 10752K, 49% used [0x000000076f000000,0x000000076f53f808,0x000000076fa80000)
  to   space 10752K, 0% used [0x000000076fa80000,0x000000076fa80000,0x0000000770500000)
 ParOldGen       total 175104K, used 31K [0x00000006c1000000, 0x00000006cbb00000, 0x000000076b000000)
  object space 175104K, 0% used [0x00000006c1000000,0x00000006c1007c60,0x00000006cbb00000)
 Metaspace       used 14031K, capacity 14258K, committed 14336K, reserved 1062912K
  class space    used 1699K, capacity 1779K, committed 1792K, reserved 1048576K
}

Deoptimization events (10 events):
Event: 88.365 Thread 0x000000001dc89800 Uncommon trap: reason=class_check action=maybe_recompile pc=0x0000000003271c9c method=sun.java2d.d3d.D3DTextRenderer.validateContext(Lsun/java2d/SunGraphics2D;Ljava/awt/Composite;)V @ 4
Event: 88.445 Thread 0x000000001dc89800 Uncommon trap: reason=class_check action=maybe_recompile pc=0x000000000332fe74 method=sun.font.Font2D.getStrike(Lsun/font/FontStrikeDesc;Z)Lsun/font/FontStrike; @ 51
Event: 88.545 Thread 0x000000001dc89800 Uncommon trap: reason=unstable_if action=reinterpret pc=0x0000000002f1f108 method=sun.java2d.SunGraphics2D.constrain(IIIILsun/java2d/pipe/Region;)V @ 195
Event: 89.351 Thread 0x000000001dc89800 Uncommon trap: reason=unstable_if action=reinterpret pc=0x00000000032fc1a0 method=sun.java2d.pipe.Region.clipBoxToBounds([I)V @ 7
Event: 89.352 Thread 0x000000001dc89800 Uncommon trap: reason=unstable_if action=reinterpret pc=0x0000000003339090 method=sun.java2d.pipe.AAShapePipe.renderPath(Lsun/java2d/SunGraphics2D;Ljava/awt/Shape;Ljava/awt/BasicStroke;)V @ 69
Event: 90.349 Thread 0x000000001d983000 Uncommon trap: reason=bimorphic action=maybe_recompile pc=0x00000000031f0df4 method=javax.swing.UIDefaults.getFromHashtable(Ljava/lang/Object;)Ljava/lang/Object; @ 126
Event: 90.404 Thread 0x000000001dc89800 Uncommon trap: reason=unstable_if action=reinterpret pc=0x0000000002c79ed0 method=java.util.IdentityHashMap.isEmpty()Z @ 4
Event: 90.408 Thread 0x000000001dc89800 Uncommon trap: reason=class_check action=maybe_recompile pc=0x000000000335c708 method=javax.swing.plaf.basic.BasicLabelUI.paint(Ljava/awt/Graphics;Ljavax/swing/JComponent;)V @ 89
Event: 90.411 Thread 0x000000001dc89800 Uncommon trap: reason=class_check action=maybe_recompile pc=0x000000000335c708 method=javax.swing.plaf.basic.BasicLabelUI.paint(Ljava/awt/Graphics;Ljavax/swing/JComponent;)V @ 89
Event: 98.331 Thread 0x000000001dc89800 Uncommon trap: reason=unstable_if action=reinterpret pc=0x0000000002ff4d24 method=java.awt.Container.findComponentAtImpl(IIZ)Ljava/awt/Component; @ 131

Internal exceptions (10 events):
Event: 1.195 Thread 0x00000000026cd800 Exception <a 'java/io/FileNotFoundException'> (0x000000076b646d58) thrown at [C:\re\workspace\8-2-build-windows-amd64-cygwin\jdk8u131\8869\hotspot\src\share\vm\prims\jni.cpp, line 709]
Event: 1.195 Thread 0x00000000026cd800 Exception <a 'java/lang/NullPointerException'> (0x000000076b647400) thrown at [C:\re\workspace\8-2-build-windows-amd64-cygwin\jdk8u131\8869\hotspot\src\share\vm\interpreter\linkResolver.cpp, line 1197]
Event: 2.304 Thread 0x0000000027399800 Exception <a 'java/lang/NoSuchMethodError': <clinit>> (0x000000076d5da6c8) thrown at [C:\re\workspace\8-2-build-windows-amd64-cygwin\jdk8u131\8869\hotspot\src\share\vm\prims\jni.cpp, line 1613]
Event: 23.709 Thread 0x000000001dc89800 Implicit null exception at 0x0000000003098268 to 0x0000000003099521
Event: 85.134 Thread 0x000000001dc89800 Implicit null exception at 0x000000000331e5dd to 0x000000000331e751
Event: 86.545 Thread 0x000000001dc89800 Implicit null exception at 0x000000000304b362 to 0x000000000304b4b9
Event: 86.553 Thread 0x000000001dc89800 Implicit null exception at 0x00000000031b45b0 to 0x00000000031b460c
Event: 86.581 Thread 0x000000001dc89800 Implicit null exception at 0x00000000032d5b81 to 0x00000000032d76d1
Event: 88.315 Thread 0x000000001dc89800 Implicit null exception at 0x0000000002c921cd to 0x0000000002c92a81
Event: 88.315 Thread 0x000000001dc89800 Implicit null exception at 0x0000000002e074ac to 0x0000000002e07585

Events (10 events):
Event: 100.843 Thread 0x000000001c1fb000 flushing nmethod 0x0000000002d7a7d0
Event: 100.843 Thread 0x000000001c1fb000 flushing nmethod 0x0000000002d9d690
Event: 105.928 Thread 0x000000001d984800 Thread added: 0x000000001d984800
Event: 105.928 Executing VM operation: RevokeBias
Event: 105.928 Executing VM operation: RevokeBias done
Event: 105.935 Thread 0x000000001d8e7800 flushing nmethod 0x0000000002dc2410
Event: 105.935 Thread 0x000000001d8e7800 flushing nmethod 0x0000000002dc4f90
Event: 105.935 Thread 0x000000001d8e7800 flushing nmethod 0x0000000002dc70d0
Event: 105.935 Thread 0x000000001d8e7800 flushing nmethod 0x0000000002dc8750
Event: 105.935 Thread 0x000000001d8e7800 flushing nmethod 0x0000000002dd9290


Dynamic libraries:
0x00007ff78d820000 - 0x00007ff78d857000 	C:\Program Files\Java\jre1.8.0_131\bin\javaw.exe
0x00007ffddbb20000 - 0x00007ffddbcf1000 	C:\WINDOWS\SYSTEM32\ntdll.dll
0x00007ffdda980000 - 0x00007ffddaa2c000 	C:\WINDOWS\System32\KERNEL32.DLL
0x00007ffdd8d20000 - 0x00007ffdd8f3d000 	C:\WINDOWS\System32\KERNELBASE.dll
0x00007ffdda8d0000 - 0x00007ffdda972000 	C:\WINDOWS\System32\ADVAPI32.dll
0x00007ffddb810000 - 0x00007ffddb8ae000 	C:\WINDOWS\System32\msvcrt.dll
0x00007ffddba50000 - 0x00007ffddbaa9000 	C:\WINDOWS\System32\sechost.dll
0x00007ffddb330000 - 0x00007ffddb451000 	C:\WINDOWS\System32\RPCRT4.dll
0x00007ffdda760000 - 0x00007ffdda8c5000 	C:\WINDOWS\System32\USER32.dll
0x00007ffdd87a0000 - 0x00007ffdd87be000 	C:\WINDOWS\System32\win32u.dll
0x00007ffdd90b0000 - 0x00007ffdd90e4000 	C:\WINDOWS\System32\GDI32.dll
0x00007ffdd8810000 - 0x00007ffdd8992000 	C:\WINDOWS\System32\gdi32full.dll
0x00007ffdce7c0000 - 0x00007ffdcea3a000 	C:\WINDOWS\WinSxS\amd64_microsoft.windows.common-controls_6595b64144ccf1df_6.0.14393.953_none_42151e83c686086b\COMCTL32.dll
0x00007ffddb480000 - 0x00007ffddb748000 	C:\WINDOWS\System32\combase.dll
0x00007ffdd8f40000 - 0x00007ffdd9035000 	C:\WINDOWS\System32\ucrtbase.dll
0x00007ffdd9040000 - 0x00007ffdd90aa000 	C:\WINDOWS\System32\bcryptPrimitives.dll
0x00007ffddb300000 - 0x00007ffddb32e000 	C:\WINDOWS\System32\IMM32.DLL
0x0000000061ae0000 - 0x0000000061bb2000 	C:\Program Files\Java\jre1.8.0_131\bin\msvcr100.dll
0x0000000064ef0000 - 0x000000006578c000 	C:\Program Files\Java\jre1.8.0_131\bin\server\jvm.dll
0x00007ffddaec0000 - 0x00007ffddaec8000 	C:\WINDOWS\System32\PSAPI.DLL
0x00007ffdcaca0000 - 0x00007ffdcaca9000 	C:\WINDOWS\SYSTEM32\WSOCK32.dll
0x00007ffdd62d0000 - 0x00007ffdd62f3000 	C:\WINDOWS\SYSTEM32\WINMM.dll
0x00007ffddbab0000 - 0x00007ffddbb1a000 	C:\WINDOWS\System32\WS2_32.dll
0x00007ffdd3870000 - 0x00007ffdd387a000 	C:\WINDOWS\SYSTEM32\VERSION.dll
0x00000000005d0000 - 0x00000000005fb000 	C:\WINDOWS\SYSTEM32\WINMMBASE.dll
0x00007ffdd87c0000 - 0x00007ffdd8802000 	C:\WINDOWS\System32\cfgmgr32.dll
0x00000000658e0000 - 0x00000000658ef000 	C:\Program Files\Java\jre1.8.0_131\bin\verify.dll
0x00000000658b0000 - 0x00000000658d9000 	C:\Program Files\Java\jre1.8.0_131\bin\java.dll
0x0000000065890000 - 0x00000000658a6000 	C:\Program Files\Java\jre1.8.0_131\bin\zip.dll
0x00007ffdd90f0000 - 0x00007ffdda5f8000 	C:\WINDOWS\System32\SHELL32.dll
0x00007ffdd80c0000 - 0x00007ffdd879a000 	C:\WINDOWS\System32\windows.storage.dll
0x00007ffdd7fb0000 - 0x00007ffdd7ffc000 	C:\WINDOWS\System32\powrprof.dll
0x00007ffddae00000 - 0x00007ffddae52000 	C:\WINDOWS\System32\shlwapi.dll
0x00007ffdd7fa0000 - 0x00007ffdd7faf000 	C:\WINDOWS\System32\kernel.appcore.dll
0x00007ffdd8aa0000 - 0x00007ffdd8b49000 	C:\WINDOWS\System32\shcore.dll
0x00007ffdd7f80000 - 0x00007ffdd7f94000 	C:\WINDOWS\System32\profapi.dll
0x00007ffdd7a50000 - 0x00007ffdd7a67000 	C:\WINDOWS\SYSTEM32\CRYPTSP.dll
0x00007ffdd74b0000 - 0x00007ffdd74e3000 	C:\WINDOWS\system32\rsaenh.dll
0x00007ffdd7b60000 - 0x00007ffdd7b8b000 	C:\WINDOWS\SYSTEM32\bcrypt.dll
0x00007ffdd7730000 - 0x00007ffdd774f000 	C:\WINDOWS\SYSTEM32\USERENV.dll
0x00007ffdd7a70000 - 0x00007ffdd7a7b000 	C:\WINDOWS\SYSTEM32\CRYPTBASE.dll
0x0000000065870000 - 0x000000006588a000 	C:\Program Files\Java\jre1.8.0_131\bin\net.dll
0x00007ffdd78b0000 - 0x00007ffdd790c000 	C:\WINDOWS\system32\mswsock.dll
0x00007ffdd7630000 - 0x00007ffdd7668000 	C:\WINDOWS\SYSTEM32\IPHLPAPI.DLL
0x00007ffddb760000 - 0x00007ffddb768000 	C:\WINDOWS\System32\NSI.dll
0x00007ffdd33c0000 - 0x00007ffdd33d6000 	C:\WINDOWS\SYSTEM32\dhcpcsvc6.DLL
0x00007ffdd3320000 - 0x00007ffdd333a000 	C:\WINDOWS\SYSTEM32\dhcpcsvc.DLL
0x0000000064df0000 - 0x0000000064e01000 	C:\Program Files\Java\jre1.8.0_131\bin\nio.dll
0x00007ffdce440000 - 0x00007ffdce459000 	C:\Users\ParkJU_L\AppData\Local\Temp\hidapi1117936094646212442.lib
0x00007ffddaed0000 - 0x00007ffddb2f9000 	C:\WINDOWS\System32\SETUPAPI.dll
0x0000000063fa0000 - 0x0000000064138000 	C:\Program Files\Java\jre1.8.0_131\bin\awt.dll
0x00007ffddaaa0000 - 0x00007ffddab5f000 	C:\WINDOWS\System32\OLEAUT32.dll
0x00007ffdd8a00000 - 0x00007ffdd8a9c000 	C:\WINDOWS\System32\msvcp_win.dll
0x00007ffdd6400000 - 0x00007ffdd647a000 	C:\WINDOWS\SYSTEM32\apphelp.dll
0x00007ffdd5a80000 - 0x00007ffdd5aa6000 	C:\WINDOWS\system32\DWMAPI.DLL
0x00007ffdd6600000 - 0x00007ffdd6695000 	C:\WINDOWS\system32\uxtheme.dll
0x00007ffdbd8c0000 - 0x00007ffdbd9e3000 	C:\WINDOWS\system32\opengl32.dll
0x00007ffdbd890000 - 0x00007ffdbd8bd000 	C:\WINDOWS\SYSTEM32\GLU32.dll
0x00007ffdbd790000 - 0x00007ffdbd887000 	C:\WINDOWS\SYSTEM32\DDRAW.dll
0x00007ffdbd780000 - 0x00007ffdbd788000 	C:\WINDOWS\SYSTEM32\DCIMAN32.dll
0x00007ffddaca0000 - 0x00007ffddadfa000 	C:\WINDOWS\System32\MSCTF.dll
0x00007ffddab60000 - 0x00007ffddac98000 	C:\WINDOWS\System32\ole32.dll
0x00007ffda47c0000 - 0x00007ffda494d000 	C:\WINDOWS\system32\d3d9.dll
0x00007ffdd36b0000 - 0x00007ffdd378f000 	C:\WINDOWS\System32\DriverStore\FileRepository\nv_dispi.inf_amd64_a2b0acab06663645\nvldumdx.dll
0x00007ffdd8b50000 - 0x00007ffdd8d19000 	C:\WINDOWS\System32\crypt32.dll
0x00007ffdd8000000 - 0x00007ffdd8010000 	C:\WINDOWS\System32\MSASN1.dll
0x00007ffdd89a0000 - 0x00007ffdd89f5000 	C:\WINDOWS\System32\WINTRUST.DLL
0x00007ffddb460000 - 0x00007ffddb47c000 	C:\WINDOWS\System32\imagehlp.dll
0x00007ffd93de0000 - 0x00007ffd94df5000 	C:\WINDOWS\System32\DriverStore\FileRepository\nv_dispi.inf_amd64_a2b0acab06663645\nvd3dumx.dll
0x00007ffdc4360000 - 0x00007ffdc4535000 	C:\WINDOWS\system32\nvspcap64.dll
0x00007ffdd51f0000 - 0x00007ffdd52bd000 	C:\WINDOWS\SYSTEM32\WINHTTP.dll
0x00007ffdd51d0000 - 0x00007ffdd51e3000 	C:\WINDOWS\SYSTEM32\WTSAPI32.dll
0x00007ffdd0920000 - 0x00007ffdd0d41000 	C:\WINDOWS\system32\nvapi64.dll
0x00007ffdd6f00000 - 0x00007ffdd6f9f000 	C:\WINDOWS\SYSTEM32\dxgi.dll
0x00007ffdd0db0000 - 0x00007ffdd0e99000 	C:\Program Files (x86)\NVIDIA Corporation\3D Vision\nvSCPAPI64.dll
0x0000000063f50000 - 0x0000000063f97000 	C:\Program Files\Java\jre1.8.0_131\bin\fontmanager.dll
0x0000000063e50000 - 0x0000000063e92000 	C:\Program Files\Java\jre1.8.0_131\bin\t2k.dll
0x0000000063f10000 - 0x0000000063f41000 	C:\Program Files\Java\jre1.8.0_131\bin\jpeg.dll
0x00007ffdd6e60000 - 0x00007ffdd6e6c000 	C:\WINDOWS\SYSTEM32\hid.dll
0x00007ffdd6b30000 - 0x00007ffdd6b58000 	C:\WINDOWS\SYSTEM32\DEVOBJ.dll
0x00007ffdbd9f0000 - 0x00007ffdbda26000 	C:\WINDOWS\system32\IMGSF50Filter_x64.dll
0x0000000066610000 - 0x00000000666e3000 	C:\WINDOWS\WinSxS\amd64_microsoft.vc90.crt_1fc8b3b9a1e18e3b_9.0.30729.9247_none_08e394a1a83e212f\MSVCP90.dll
0x0000000066560000 - 0x0000000066603000 	C:\WINDOWS\WinSxS\amd64_microsoft.vc90.crt_1fc8b3b9a1e18e3b_9.0.30729.9247_none_08e394a1a83e212f\MSVCR90.dll
0x00007ffddb770000 - 0x00007ffddb80f000 	C:\WINDOWS\System32\clbcatq.dll
0x00007ffdd4b60000 - 0x00007ffdd4d08000 	C:\WINDOWS\SYSTEM32\WindowsCodecs.dll
0x00007ffdbe7f0000 - 0x00007ffdbe839000 	C:\WINDOWS\system32\dataexchange.dll
0x00007ffdd3c80000 - 0x00007ffdd3f36000 	C:\WINDOWS\system32\d3d11.dll
0x00007ffdd5dc0000 - 0x00007ffdd5f11000 	C:\WINDOWS\system32\dcomp.dll
0x00007ffdd69d0000 - 0x00007ffdd6aec000 	C:\WINDOWS\system32\twinapi.appcore.dll
0x0000000063e20000 - 0x0000000063e4a000 	C:\Program Files\Java\jre1.8.0_131\bin\dcpr.dll
0x00007ffdc0830000 - 0x00007ffdc0902000 	C:\Windows\System32\IME\IMEKR\imkrtip.dll
0x00007ffdd5430000 - 0x00007ffdd55b5000 	C:\WINDOWS\SYSTEM32\PROPSYS.dll
0x00007ffdc06d0000 - 0x00007ffdc0826000 	C:\Windows\System32\IME\shared\imetip.dll
0x00007ffdd05f0000 - 0x00007ffdd0655000 	C:\WINDOWS\SYSTEM32\OLEACC.dll
0x00007ffdc0520000 - 0x00007ffdc06c8000 	C:\WINDOWS\SYSTEM32\DUI70.dll
0x00007ffdc04e0000 - 0x00007ffdc0518000 	C:\Windows\System32\IME\IMEKR\imkrapi.dll
0x00007ffdc04a0000 - 0x00007ffdc04d5000 	C:\Windows\System32\IME\shared\imjkapi.dll
0x00007ffdd7380000 - 0x00007ffdd73b2000 	C:\WINDOWS\SYSTEM32\ntmarta.dll
0x00007ffdcd190000 - 0x00007ffdcd322000 	C:\WINDOWS\SYSTEM32\dbghelp.dll

VM Arguments:
jvm_args: -Dfile.encoding=MS949 
java_command: com.mypcr.Main
java_class_path (initial): C:\Users\ParkJU_L\Desktop\MyPCR_LongRun_20170510\MyPCR_Java_LongRun\bin;C:\Users\ParkJU_L\Desktop\MyPCR_LongRun_20170510\MyPCR_Java_LongRun\lib\hamcrest-core-1.3.jar;C:\Users\ParkJU_L\Desktop\MyPCR_LongRun_20170510\MyPCR_Java_LongRun\lib\jgoodies-animation-1.4.3.jar;C:\Users\ParkJU_L\Desktop\MyPCR_LongRun_20170510\MyPCR_Java_LongRun\lib\jgoodies-binding-2.10.0.jar;C:\Users\ParkJU_L\Desktop\MyPCR_LongRun_20170510\MyPCR_Java_LongRun\lib\jgoodies-common-1.8.0.jar;C:\Users\ParkJU_L\Desktop\MyPCR_LongRun_20170510\MyPCR_Java_LongRun\lib\jgoodies-forms-1.8.0.jar;C:\Users\ParkJU_L\Desktop\MyPCR_LongRun_20170510\MyPCR_Java_LongRun\lib\jgoodies-looks-2.6.0.jar;C:\Users\ParkJU_L\Desktop\MyPCR_LongRun_20170510\MyPCR_Java_LongRun\lib\jgoodies-validation-2.5.0.jar
Launcher Type: SUN_STANDARD

Environment Variables:
JAVA_HOME=C:\Program Files\Java\jdk1.8.0_121\bin
PATH=C:/Program Files/Java/jre1.8.0_131/bin/server;C:/Program Files/Java/jre1.8.0_131/bin;C:/Program Files/Java/jre1.8.0_131/lib/amd64;C:\Program Files (x86)\Microchip\mplabc18\v3.47\mpasm;C:\Program Files (x86)\Microchip\mplabc18\v3.47\bin;C:\MCC18\mpasm;C:\MCC18\bin;C:\ProgramData\Oracle\Java\javapath;C:\WINDOWS\system32;C:\WINDOWS;C:\WINDOWS\System32\Wbem;C:\WINDOWS\System32\WindowsPowerShell\v1.0\;C:\Program Files (x86)\NVIDIA Corporation\PhysX\Common;C:\Program Files\Java\jdk1.8.0_121\bin;C:\Program Files (x86)\Windows Kits\10\Windows Performance Toolkit\;C:\Program Files\Microsoft SQL Server\130\Tools\Binn\;C:\Program Files\dotnet\;C:\Program Files\Git\cmd;C:\Anaconda3;C:\Anaconda3\Scripts;C:\Anaconda3\Library\bin;C:\Program Files (x86)\Microchip\mplabc18\v3.47\mpasm;C:\Program Files (x86)\Microchip\mplabc18\v3.47\bin;C:\MCC18\mpasm;C:\MCC18\bin;C:\Users\ParkJU_L\AppData\Local\Microsoft\WindowsApps;C:\Users\ParkJU_L\AppData\Local\atom\bin;C:\Program Files (x86)\Microsoft VS Code\bin;C:\Users\ParkJU_L\AppData\Local\particle\bin;D:\Development\eclipse;
USERNAME=ParkJU_L
OS=Windows_NT
PROCESSOR_IDENTIFIER=Intel64 Family 6 Model 60 Stepping 3, GenuineIntel



---------------  S Y S T E M  ---------------

OS: Windows 10.0 , 64 bit Build 14393 (10.0.14393.1198)

CPU:total 4 (initial active 4) (4 cores per cpu, 1 threads per core) family 6 model 60 stepping 3, cmov, cx8, fxsr, mmx, sse, sse2, sse3, ssse3, sse4.1, sse4.2, popcnt, avx, avx2, aes, clmul, erms, lzcnt, tsc, tscinvbit, bmi1, bmi2

Memory: 4k page, physical 16704848k(8207880k free), swap 19195216k(7427172k free)

vm_info: Java HotSpot(TM) 64-Bit Server VM (25.131-b11) for windows-amd64 JRE (1.8.0_131-b11), built on Mar 15 2017 01:23:53 by "java_re" with MS VC++ 10.0 (VS2010)

time: Tue May 23 19:19:29 2017
elapsed time: 106 seconds (0d 0h 1m 46s)

